make --dry-run --keep-going --print-directory
make: Entering directory '/home/mauro/Programming/Holberton/holbertonschool-binary_trees'
 
gcc -g -Wall -Werror -Wextra -pedantic -std=gnu89 -o obj/14-binary_tree_balance.o -c 14-binary_tree_balance.c
 
gcc -g -Wall -Werror -Wextra -pedantic -std=gnu89 -o obj/8-binary_tree_postorder.o -c 8-binary_tree_postorder.c
gcc -g -Wall -Werror -Wextra -pedantic -std=gnu89 -o obj/0-binary_tree_node.o -c 0-binary_tree_node.c
gcc -g -Wall -Werror -Wextra -pedantic -std=gnu89 -o obj/15-binary_tree_is_full.o -c 15-binary_tree_is_full.c
gcc -g -Wall -Werror -Wextra -pedantic -std=gnu89 -o obj/6-binary_tree_preorder.o -c 6-binary_tree_preorder.c
gcc -g -Wall -Werror -Wextra -pedantic -std=gnu89 -o obj/binary_tree_print.o -c binary_tree_print.c
gcc -g -Wall -Werror -Wextra -pedantic -std=gnu89 -o obj/4-binary_tree_is_leaf.o -c 4-binary_tree_is_leaf.c
gcc -g -Wall -Werror -Wextra -pedantic -std=gnu89 -o obj/3-binary_tree_delete.o -c 3-binary_tree_delete.c
gcc -g -Wall -Werror -Wextra -pedantic -std=gnu89 -o obj/12-binary_tree_leaves.o -c 12-binary_tree_leaves.c
gcc -g -Wall -Werror -Wextra -pedantic -std=gnu89 -o obj/5-binary_tree_is_root.o -c 5-binary_tree_is_root.c
gcc -g -Wall -Werror -Wextra -pedantic -std=gnu89 -o obj/7-binary_tree_inorder.o -c 7-binary_tree_inorder.c
gcc -g -Wall -Werror -Wextra -pedantic -std=gnu89 -o obj/17-main.o -c 17-main.c
gcc -g -Wall -Werror -Wextra -pedantic -std=gnu89 -o obj/1-binary_tree_insert_left.o -c 1-binary_tree_insert_left.c
gcc -g -Wall -Werror -Wextra -pedantic -std=gnu89 -o obj/13-binary_tree_nodes.o -c 13-binary_tree_nodes.c
gcc -g -Wall -Werror -Wextra -pedantic -std=gnu89 -o obj/9-binary_tree_height.o -c 9-binary_tree_height.c
gcc -g -Wall -Werror -Wextra -pedantic -std=gnu89 -o obj/17-binary_tree_sibling.o -c 17-binary_tree_sibling.c
gcc -g -Wall -Werror -Wextra -pedantic -std=gnu89 -o obj/11-binary_tree_size.o -c 11-binary_tree_size.c
 
gcc -g -Wall -Werror -Wextra -pedantic -std=gnu89 -o obj/16-binary_tree_is_perfect.o -c 16-binary_tree_is_perfect.c
gcc -g -Wall -Werror -Wextra -pedantic -std=gnu89 -o obj/10-binary_tree_depth.o -c 10-binary_tree_depth.c
gcc -g -Wall -Werror -Wextra -pedantic -std=gnu89 -o obj/2-binary_tree_insert_right.o -c 2-binary_tree_insert_right.c
gcc -g -Wall -Werror -Wextra -pedantic -std=gnu89 -o bin/17-sibling obj/14-binary_tree_balance.o obj/8-binary_tree_postorder.o obj/0-binary_tree_node.o obj/15-binary_tree_is_full.o obj/6-binary_tree_preorder.o obj/binary_tree_print.o obj/4-binary_tree_is_leaf.o obj/3-binary_tree_delete.o obj/12-binary_tree_leaves.o obj/5-binary_tree_is_root.o obj/7-binary_tree_inorder.o obj/17-main.o obj/1-binary_tree_insert_left.o obj/13-binary_tree_nodes.o obj/9-binary_tree_height.o obj/17-binary_tree_sibling.o obj/11-binary_tree_size.o obj/16-binary_tree_is_perfect.o obj/10-binary_tree_depth.o obj/2-binary_tree_insert_right.o 
make: Leaving directory '/home/mauro/Programming/Holberton/holbertonschool-binary_trees'
 
